\BOOKMARK [0][-]{dummy.1}{\376\377\000A\000g\000r\000a\000d\000e\000c\000i\000m\000i\000e\000n\000t\000o}{}% 1
\BOOKMARK [0][-]{dummy.2}{\376\377\000R\000e\000s\000u\000m\000e\000n}{}% 2
\BOOKMARK [0][-]{dummy.4}{\376\377\000\315\000n\000d\000i\000c\000e\000\040\000d\000e\000\040\000f\000i\000g\000u\000r\000a\000s}{}% 3
\BOOKMARK [0][-]{dummy.6}{\376\377\000\315\000n\000d\000i\000c\000e\000\040\000d\000e\000\040\000t\000a\000b\000l\000a\000s}{}% 4
\BOOKMARK [0][-]{dummy.8}{\376\377\000A\000b\000r\000e\000v\000i\000a\000c\000i\000o\000n\000e\000s}{}% 5
\BOOKMARK [0][-]{chapter.11}{\376\377\0001\000\040\000I\000n\000t\000r\000o\000d\000u\000c\000c\000i\000\363\000n}{}% 6
\BOOKMARK [1][-]{section.12}{\376\377\0001\000.\0001\000\040\000J\000u\000s\000t\000i\000f\000i\000c\000a\000c\000i\000\363\000n\000\040\000y\000\040\000M\000o\000t\000i\000v\000a\000c\000i\000\363\000n}{chapter.11}% 7
\BOOKMARK [1][-]{section.13}{\376\377\0001\000.\0002\000\040\000A\000n\000t\000e\000c\000e\000d\000e\000n\000t\000e\000s}{chapter.11}% 8
\BOOKMARK [1][-]{section.14}{\376\377\0001\000.\0003\000\040\000P\000l\000a\000n\000t\000e\000a\000m\000i\000e\000n\000t\000o\000\040\000d\000e\000l\000\040\000p\000r\000o\000b\000l\000e\000m\000a}{chapter.11}% 9
\BOOKMARK [1][-]{section.15}{\376\377\0001\000.\0004\000\040\000O\000b\000j\000e\000t\000i\000v\000o\000s}{chapter.11}% 10
\BOOKMARK [2][-]{subsection.16}{\376\377\0001\000.\0004\000.\0001\000\040\000O\000b\000j\000e\000t\000i\000v\000o\000s\000\040\000G\000e\000n\000e\000r\000a\000l\000e\000s}{section.15}% 11
\BOOKMARK [2][-]{subsection.17}{\376\377\0001\000.\0004\000.\0002\000\040\000O\000b\000j\000e\000t\000i\000v\000o\000s\000\040\000E\000s\000p\000e\000c\000\355\000f\000i\000c\000o\000s}{section.15}% 12
\BOOKMARK [1][-]{section.18}{\376\377\0001\000.\0005\000\040\000O\000r\000g\000a\000n\000i\000z\000a\000c\000i\000\363\000n\000\040\000d\000e\000\040\000l\000a\000\040\000T\000e\000s\000i\000s}{chapter.11}% 13
\BOOKMARK [0][-]{chapter.19}{\376\377\0002\000\040\000C\000a\000m\000b\000i\000o\000\040\000C\000l\000i\000m\000\341\000t\000i\000c\000o}{}% 14
\BOOKMARK [1][-]{section.21}{\376\377\0002\000.\0001\000\040\000C\000i\000c\000l\000o\000\040\000d\000e\000\040\000c\000a\000r\000b\000o\000n\000o}{chapter.19}% 15
\BOOKMARK [2][-]{subsection.23}{\376\377\0002\000.\0001\000.\0001\000\040\000S\000e\000c\000u\000e\000s\000t\000r\000o\000\040\000d\000e\000\040\000c\000a\000r\000b\000o\000n\000o}{section.21}% 16
\BOOKMARK [2][-]{subsection.24}{\376\377\0002\000.\0001\000.\0002\000\040\000P\000\351\000r\000d\000i\000d\000a\000\040\000d\000e\000\040\000C\000a\000r\000b\000o\000n\000o}{section.21}% 17
\BOOKMARK [2][-]{subsection.25}{\376\377\0002\000.\0001\000.\0003\000\040\000S\000e\000c\000u\000e\000s\000t\000r\000o\000\040\000d\000e\000\040\000c\000a\000r\000b\000o\000n\000o\000\040\000e\000n\000\040\000P\000a\000r\000a\000g\000u\000a\000y}{section.21}% 18
\BOOKMARK [2][-]{subsection.26}{\376\377\0002\000.\0001\000.\0004\000\040\000G\000r\000a\000n\000\040\000C\000h\000a\000c\000o\000\040\000A\000m\000e\000r\000i\000c\000a\000n\000o}{section.21}% 19
\BOOKMARK [1][-]{section.28}{\376\377\0002\000.\0002\000\040\000B\000i\000o\000m\000a\000s\000a}{chapter.19}% 20
\BOOKMARK [2][-]{subsection.29}{\376\377\0002\000.\0002\000.\0001\000\040\000B\000i\000o\000m\000a\000s\000a\000\040\000F\000o\000r\000e\000s\000t\000a\000l}{section.28}% 21
\BOOKMARK [1][-]{section.30}{\376\377\0002\000.\0003\000\040\000M\000e\000d\000i\000c\000i\000\363\000n\000\040\000d\000e\000\040\000b\000a\000l\000a\000n\000c\000e\000s\000\040\000d\000e\000\040\000c\000a\000r\000b\000o\000n\000o}{chapter.19}% 22
\BOOKMARK [1][-]{section.32}{\376\377\0002\000.\0004\000\040\000T\000e\000l\000e\000d\000e\000t\000e\000c\000c\000i\000\363\000n\000\040\000e\000n\000\040\000e\000l\000\040\000m\000e\000d\000i\000o\000\040\000a\000m\000b\000i\000e\000n\000t\000e}{chapter.19}% 23
\BOOKMARK [0][-]{chapter.33}{\376\377\0003\000\040\000P\000r\000o\000c\000e\000s\000a\000m\000i\000e\000n\000t\000o\000\040\000d\000e\000\040\000i\000m\000\341\000g\000e\000n\000e\000s\000\040\000s\000a\000t\000e\000l\000i\000t\000a\000l\000e\000s}{}% 24
\BOOKMARK [1][-]{section.34}{\376\377\0003\000.\0001\000\040\000S\000e\000n\000s\000o\000r\000e\000s\000\040\000R\000e\000m\000o\000t\000o\000s}{chapter.33}% 25
\BOOKMARK [2][-]{subsection.35}{\376\377\0003\000.\0001\000.\0001\000\040\000E\000l\000\040\000e\000s\000p\000e\000c\000t\000r\000o\000\040\000e\000l\000e\000c\000t\000r\000o\000m\000a\000g\000n\000\351\000t\000i\000c\000o}{section.34}% 26
\BOOKMARK [2][-]{subsection.36}{\376\377\0003\000.\0001\000.\0002\000\040\000F\000i\000r\000m\000a\000s\000\040\000e\000s\000p\000e\000c\000t\000r\000a\000l\000e\000s}{section.34}% 27
\BOOKMARK [2][-]{subsection.38}{\376\377\0003\000.\0001\000.\0003\000\040\000R\000e\000s\000o\000l\000u\000c\000i\000o\000n\000e\000s\000\040\000d\000e\000\040\000u\000n\000\040\000s\000e\000n\000s\000o\000r}{section.34}% 28
\BOOKMARK [1][-]{section.43}{\376\377\0003\000.\0002\000\040\000I\000m\000\341\000g\000e\000n\000e\000s\000\040\000s\000a\000t\000e\000l\000i\000t\000a\000l\000e\000s}{chapter.33}% 29
\BOOKMARK [2][-]{subsection.44}{\376\377\0003\000.\0002\000.\0001\000\040\000T\000i\000p\000o\000\040\000d\000e\000\040\000i\000m\000\341\000g\000e\000n\000e\000s\000\040\000s\000a\000t\000e\000l\000i\000t\000a\000l\000e\000s}{section.43}% 30
\BOOKMARK [2][-]{subsection.45}{\376\377\0003\000.\0002\000.\0002\000\040\000H\000i\000s\000t\000o\000g\000r\000a\000m\000a\000s}{section.43}% 31
\BOOKMARK [2][-]{subsection.46}{\376\377\0003\000.\0002\000.\0003\000\040\000C\000o\000m\000b\000i\000n\000a\000c\000i\000o\000n\000\040\000d\000e\000\040\000b\000a\000n\000d\000a\000s}{section.43}% 32
\BOOKMARK [1][-]{section.48}{\376\377\0003\000.\0003\000\040\000\315\000n\000d\000i\000c\000e\000s\000\040\000d\000e\000\040\000v\000e\000g\000e\000t\000a\000c\000i\000\363\000n}{chapter.33}% 33
\BOOKMARK [2][-]{subsection.49}{\376\377\0003\000.\0003\000.\0001\000\040\000\315\000n\000d\000i\000c\000e\000\040\000d\000e\000\040\000v\000e\000g\000e\000t\000a\000c\000i\000\363\000n\000\040\000d\000i\000f\000e\000r\000e\000n\000c\000i\000a\000l\000\040\000n\000o\000r\000m\000a\000l\000i\000z\000a\000d\000a}{section.48}% 34
\BOOKMARK [1][-]{section.51}{\376\377\0003\000.\0004\000\040\000A\000n\000\341\000l\000i\000s\000i\000s\000\040\000M\000u\000l\000t\000i\000t\000e\000m\000p\000o\000r\000a\000l}{chapter.33}% 35
\BOOKMARK [1][-]{section.52}{\376\377\0003\000.\0005\000\040\000C\000o\000r\000r\000e\000c\000i\000o\000n\000e\000s\000\040\000a\000\040\000l\000a\000s\000\040\000i\000m\000\341\000g\000e\000n\000e\000s\000\040\000d\000e\000\040\000s\000a\000t\000\351\000l\000i\000t\000e\000s}{chapter.33}% 36
\BOOKMARK [2][-]{subsection.53}{\376\377\0003\000.\0005\000.\0001\000\040\000C\000o\000r\000r\000e\000c\000c\000c\000i\000\363\000n\000\040\000g\000e\000o\000m\000\351\000t\000r\000i\000c\000a}{section.52}% 37
\BOOKMARK [3][-]{subsubsection.54}{\376\377\0003\000.\0005\000.\0001\000.\0001\000\040\000I\000n\000t\000e\000r\000p\000o\000l\000a\000c\000i\000\363\000n\000\040\000e\000s\000p\000a\000c\000i\000a\000l}{subsection.53}% 38
\BOOKMARK [3][-]{subsubsection.62}{\376\377\0003\000.\0005\000.\0001\000.\0002\000\040\000I\000n\000t\000e\000r\000p\000o\000l\000a\000c\000i\000\363\000n\000\040\000d\000e\000\040\000l\000o\000s\000\040\000v\000a\000l\000o\000r\000e\000s\000\040\000r\000a\000d\000i\000o\000m\000\351\000t\000r\000i\000c\000o\000s}{subsection.53}% 39
\BOOKMARK [2][-]{subsection.73}{\376\377\0003\000.\0005\000.\0002\000\040\000C\000o\000r\000r\000e\000c\000c\000i\000\363\000n\000\040\000r\000a\000d\000i\000o\000m\000\351\000t\000r\000i\000c\000a}{section.52}% 40
\BOOKMARK [3][-]{subsubsection.75}{\376\377\0003\000.\0005\000.\0002\000.\0001\000\040\000P\000i\000x\000e\000l\000e\000s\000\040\000o\000\040\000l\000i\000n\000e\000a\000s\000\040\000p\000e\000r\000d\000i\000d\000a\000s}{subsection.73}% 41
\BOOKMARK [3][-]{subsubsection.78}{\376\377\0003\000.\0005\000.\0002\000.\0002\000\040\000B\000a\000n\000d\000e\000a\000d\000o}{subsection.73}% 42
\BOOKMARK [1][-]{section.83}{\376\377\0003\000.\0006\000\040\000P\000r\000o\000c\000e\000s\000o\000\040\000d\000e\000\040\000d\000e\000t\000e\000c\000c\000i\000\363\000n\000\040\000d\000e\000\040\000c\000a\000m\000b\000i\000o\000s}{chapter.33}% 43
\BOOKMARK [2][-]{subsection.84}{\376\377\0003\000.\0006\000.\0001\000\040\000C\000o\000m\000p\000a\000r\000a\000c\000i\000\363\000n\000\040\000m\000u\000l\000t\000i\000t\000e\000m\000p\000o\000r\000a\000l}{section.83}% 44
\BOOKMARK [2][-]{subsection.87}{\376\377\0003\000.\0006\000.\0002\000\040\000C\000r\000i\000t\000e\000r\000i\000o\000s\000\040\000d\000e\000\040\000d\000e\000c\000i\000s\000i\000\363\000n}{section.83}% 45
\BOOKMARK [3][-]{subsubsection.88}{\376\377\0003\000.\0006\000.\0002\000.\0001\000\040\000D\000i\000s\000c\000r\000i\000m\000i\000n\000a\000c\000i\000\363\000n\000\040\000d\000e\000\040\000l\000a\000s\000\040\000z\000o\000n\000a\000s\000\040\000d\000e\000\040\000c\000a\000m\000b\000i\000o}{subsection.87}% 46
\BOOKMARK [2][-]{subsection.91}{\376\377\0003\000.\0006\000.\0003\000\040\000F\000i\000l\000t\000r\000a\000d\000o}{section.83}% 47
\BOOKMARK [3][-]{subsubsection.92}{\376\377\0003\000.\0006\000.\0003\000.\0001\000\040\000F\000i\000l\000t\000r\000o\000\040\000d\000e\000\040\000l\000a\000\040\000m\000e\000d\000i\000a\000n\000a}{subsection.91}% 48
\BOOKMARK [0][-]{chapter.94}{\376\377\0004\000\040\000M\000a\000t\000e\000r\000i\000a\000l\000e\000s\000\040\000y\000\040\000M\000e\000t\000o\000d\000o\000l\000o\000g\000\355\000a}{}% 49
\BOOKMARK [1][-]{section.95}{\376\377\0004\000.\0001\000\040\000M\000a\000t\000e\000r\000i\000a\000l\000e\000s}{chapter.94}% 50
\BOOKMARK [2][-]{subsection.96}{\376\377\0004\000.\0001\000.\0001\000\040\000I\000m\000\341\000g\000e\000n\000e\000s\000\040\000s\000a\000t\000e\000l\000i\000t\000a\000l\000e\000s}{section.95}% 51
\BOOKMARK [3][-]{subsubsection.97}{\376\377\0004\000.\0001\000.\0001\000.\0001\000\040\000L\000a\000n\000d\000s\000a\000t}{subsection.96}% 52
\BOOKMARK [3][-]{subsubsection.100}{\376\377\0004\000.\0001\000.\0001\000.\0002\000\040\000V\000e\000g\000e\000t\000a\000t\000i\000o\000n\000\040\000C\000o\000n\000t\000i\000n\000u\000o\000u\000s\000\040\000F\000i\000e\000l\000d\000s}{subsection.96}% 53
\BOOKMARK [3][-]{subsubsection.103}{\376\377\0004\000.\0001\000.\0001\000.\0003\000\040\000M\000a\000p\000a\000\040\000g\000l\000o\000b\000a\000l\000\040\000d\000e\000\040\000c\000a\000r\000b\000o\000n\000o\000\040\000-\000\040\000P\000a\000r\000a\000g\000u\000a\000y}{subsection.96}% 54
\BOOKMARK [3][-]{subsubsection.105}{\376\377\0004\000.\0001\000.\0001\000.\0004\000\040\000P\000a\000r\000a\000g\000u\000a\000y\000\040\000F\000o\000r\000e\000s\000t\000\040\000C\000h\000a\000n\000g\000e\000\040\000P\000r\000o\000d\000u\000c\000t}{subsection.96}% 55
\BOOKMARK [2][-]{subsection.108}{\376\377\0004\000.\0001\000.\0002\000\040\000S\000o\000f\000t\000w\000a\000r\000e}{section.95}% 56
\BOOKMARK [3][-]{subsubsection.109}{\376\377\0004\000.\0001\000.\0002\000.\0001\000\040\000G\000R\000A\000S\000S}{subsection.108}% 57
\BOOKMARK [3][-]{subsubsection.110}{\376\377\0004\000.\0001\000.\0002\000.\0002\000\040\000Q\000u\000a\000n\000t\000u\000m\000\040\000G\000I\000S}{subsection.108}% 58
\BOOKMARK [1][-]{section.111}{\376\377\0004\000.\0002\000\040\000M\000e\000t\000o\000d\000o\000l\000o\000g\000\355\000a}{chapter.94}% 59
\BOOKMARK [2][-]{subsection.113}{\376\377\0004\000.\0002\000.\0001\000\040\000C\000o\000r\000r\000e\000c\000c\000i\000o\000n\000e\000s\000\040\000d\000e\000\040\000i\000m\000\341\000g\000e\000n\000e\000s\000\040\000s\000a\000t\000e\000l\000i\000t\000a\000l\000e\000s}{section.111}% 60
\BOOKMARK [3][-]{subsubsection.114}{\376\377\0004\000.\0002\000.\0001\000.\0001\000\040\000C\000o\000r\000r\000e\000c\000c\000i\000\363\000n\000\040\000G\000e\000o\000m\000\351\000t\000r\000i\000c\000a}{subsection.113}% 61
\BOOKMARK [3][-]{subsubsection.117}{\376\377\0004\000.\0002\000.\0001\000.\0002\000\040\000C\000o\000r\000r\000e\000c\000c\000i\000\363\000n\000\040\000R\000a\000d\000i\000o\000m\000\351\000t\000r\000i\000c\000a}{subsection.113}% 62
\BOOKMARK [2][-]{subsection.118}{\376\377\0004\000.\0002\000.\0002\000\040\000D\000e\000t\000e\000c\000c\000i\000\363\000n\000\040\000d\000e\000\040\000c\000a\000m\000b\000i\000o\000\040\000f\000o\000r\000e\000s\000t\000a\000l}{section.111}% 63
\BOOKMARK [3][-]{subsubsection.119}{\376\377\0004\000.\0002\000.\0002\000.\0001\000\040\000D\000e\000t\000e\000c\000c\000i\000\363\000n\000\040\000d\000e\000\040\000c\000a\000m\000b\000i\000o}{subsection.118}% 64
\BOOKMARK [4][-]{paragraph.121}{\376\377\0004\000.\0002\000.\0002\000.\0001\000.\0001\000\040\000N\000o\000m\000a\000l\000i\000z\000a\000c\000i\000\363\000n\000\040\000R\000a\000d\000i\000o\000m\000\351\000t\000r\000i\000c\000a}{subsubsection.119}% 65
\BOOKMARK [4][-]{paragraph.129}{\376\377\0004\000.\0002\000.\0002\000.\0001\000.\0002\000\040\000C\000o\000m\000p\000a\000r\000a\000c\000i\000\363\000n\000\040\000M\000u\000l\000t\000i\000t\000e\000m\000p\000o\000r\000a\000l}{subsubsection.119}% 66
\BOOKMARK [4][-]{paragraph.130}{\376\377\0004\000.\0002\000.\0002\000.\0001\000.\0003\000\040\000U\000m\000b\000r\000a\000l\000\040\000e\000s\000t\000a\000d\000\355\000s\000t\000i\000c\000o}{subsubsection.119}% 67
\BOOKMARK [4][-]{paragraph.132}{\376\377\0004\000.\0002\000.\0002\000.\0001\000.\0004\000\040\000I\000t\000e\000r\000a\000c\000i\000\363\000n}{subsubsection.119}% 68
\BOOKMARK [3][-]{subsubsection.135}{\376\377\0004\000.\0002\000.\0002\000.\0002\000\040\000D\000i\000s\000c\000r\000i\000m\000i\000n\000a\000c\000i\000\363\000n\000\040\000F\000o\000r\000e\000s\000t\000a\000l}{subsection.118}% 69
\BOOKMARK [4][-]{paragraph.137}{\376\377\0004\000.\0002\000.\0002\000.\0002\000.\0001\000\040\000N\000D\000V\000I}{subsubsection.135}% 70
\BOOKMARK [4][-]{paragraph.138}{\376\377\0004\000.\0002\000.\0002\000.\0002\000.\0002\000\040\000U\000m\000b\000r\000a\000l\000\040\000d\000e\000\040\000V\000e\000g\000e\000t\000a\000c\000i\000\363\000n}{subsubsection.135}% 71
\BOOKMARK [4][-]{paragraph.141}{\376\377\0004\000.\0002\000.\0002\000.\0002\000.\0003\000\040\000I\000n\000t\000e\000r\000s\000e\000c\000c\000i\000\363\000n\000\040\000\341\000r\000e\000a\000\040\000b\000o\000s\000c\000o\000s\000a\000\040}{subsubsection.135}% 72
\BOOKMARK [3][-]{subsubsection.142}{\376\377\0004\000.\0002\000.\0002\000.\0003\000\040\000M\000a\000s\000c\000a\000r\000a\000\040\000d\000e\000\040\000P\000\351\000r\000d\000i\000d\000a\000\040\000F\000o\000r\000e\000s\000t\000a\000l}{subsection.118}% 73
\BOOKMARK [2][-]{subsection.144}{\376\377\0004\000.\0002\000.\0003\000\040\000E\000s\000t\000i\000m\000a\000c\000i\000\363\000n\000\040\000d\000e\000\040\000p\000\351\000r\000d\000i\000d\000a\000\040\000d\000e\000\040\000c\000a\000r\000b\000o\000n\000o\000\040\000f\000o\000r\000e\000s\000t\000a\000l}{section.111}% 74
\BOOKMARK [0][-]{chapter.154}{\376\377\0005\000\040\000P\000r\000u\000e\000b\000a\000s\000\040\000e\000x\000p\000e\000r\000i\000m\000e\000n\000t\000a\000l\000e\000s}{}% 75
\BOOKMARK [1][-]{section.155}{\376\377\0005\000.\0001\000\040\000C\000a\000s\000o\000\040\000d\000e\000\040\000e\000s\000t\000u\000d\000i\000o}{chapter.154}% 76
\BOOKMARK [1][-]{section.156}{\376\377\0005\000.\0002\000\040\000M\000\351\000t\000r\000i\000c\000a\000s\000\040\000d\000e\000\040\000e\000v\000a\000l\000u\000a\000c\000i\000\363\000n}{chapter.154}% 77
\BOOKMARK [2][-]{subsection.158}{\376\377\0005\000.\0002\000.\0001\000\040\000P\000o\000r\000c\000e\000n\000t\000a\000j\000e\000\040\000d\000e\000\040\000p\000r\000e\000c\000i\000s\000i\000\363\000n\000\040\000g\000l\000o\000b\000a\000l}{section.156}% 78
\BOOKMARK [2][-]{subsection.160}{\376\377\0005\000.\0002\000.\0002\000\040\000C\000o\000e\000f\000i\000c\000i\000e\000n\000t\000e\000\040\000K\000a\000p\000p\000a}{section.156}% 79
\BOOKMARK [1][-]{section.163}{\376\377\0005\000.\0003\000\040\000P\000r\000u\000e\000b\000a\000s\000\040\000y\000\040\000r\000e\000s\000u\000l\000t\000a\000d\000o\000s\000\040\000e\000x\000p\000e\000r\000i\000m\000e\000n\000t\000a\000l\000e\000s}{chapter.154}% 80
\BOOKMARK [2][-]{subsection.164}{\376\377\0005\000.\0003\000.\0001\000\040\000U\000m\000b\000r\000a\000l\000\040\000d\000e\000\040\000V\000e\000g\000e\000t\000a\000c\000i\000\363\000n}{section.163}% 81
\BOOKMARK [2][-]{subsection.168}{\376\377\0005\000.\0003\000.\0002\000\040\000E\000s\000t\000i\000m\000a\000c\000i\000\363\000n\000\040\000d\000e\000\040\000p\000\351\000r\000d\000i\000d\000a\000\040\000d\000e\000\040\000c\000a\000r\000b\000o\000n\000o\000\040\000f\000o\000r\000e\000s\000t\000a\000l}{section.163}% 82
\BOOKMARK [2][-]{subsection.173}{\376\377\0005\000.\0003\000.\0003\000\040\000P\000r\000u\000e\000b\000a\000\040\000e\000x\000p\000e\000r\000i\000m\000e\000n\000t\000a\000l}{section.163}% 83
\BOOKMARK [2][-]{subsection.181}{\376\377\0005\000.\0003\000.\0004\000\040\000D\000i\000s\000c\000u\000s\000i\000\363\000n\000\040\000d\000e\000\040\000r\000e\000s\000u\000l\000t\000a\000d\000o\000s}{section.163}% 84
\BOOKMARK [2][-]{subsection.186}{\376\377\0005\000.\0003\000.\0005\000\040\000D\000i\000f\000i\000c\000u\000l\000t\000a\000d\000e\000s\000\040\000e\000n\000c\000o\000n\000t\000r\000a\000d\000a\000s}{section.163}% 85
\BOOKMARK [0][-]{chapter.187}{\376\377\0006\000\040\000C\000o\000n\000c\000l\000u\000s\000i\000o\000n\000e\000s\000\040\000y\000\040\000t\000r\000a\000b\000a\000j\000o\000s\000\040\000f\000u\000t\000u\000r\000o\000s}{}% 86
\BOOKMARK [1][-]{section.188}{\376\377\0006\000.\0001\000\040\000C\000o\000n\000c\000l\000u\000s\000i\000o\000n\000e\000s}{chapter.187}% 87
\BOOKMARK [1][-]{section.189}{\376\377\0006\000.\0002\000\040\000T\000r\000a\000b\000a\000j\000o\000s\000\040\000f\000u\000t\000u\000r\000o\000s}{chapter.187}% 88
